# JRE version: OpenJDK Runtime Environment (11.0.10) (build 11.0.10+0-b96-7249189)
# Java VM: OpenJDK 64-Bit Server VM (11.0.10+0-b96-7249189, mixed mode, tiered, compressed oops, g1 gc, windows-amd64)
Heap:
 garbage-first heap   total 131072K, used 73100K [0x0000000080000000, 0x0000000100000000)
  region size 1024K, 25 young (25600K), 5 survivors (5120K)
 Metaspace       used 70425K, capacity 72038K, committed 72268K, reserved 1112064K
  class space    used 9071K, capacity 9668K, committed 9804K, reserved 1048576K
GC Heap History (20 events):
Event: 3.400 GC heap before
{Heap before GC invocations=2 (full 0):
 garbage-first heap   total 131072K, used 39019K [0x0000000080000000, 0x0000000100000000)
  region size 1024K, 33 young (33792K), 10 survivors (10240K)
 Metaspace       used 20577K, capacity 21104K, committed 21248K, reserved 1067008K
  class space    used 2508K, capacity 2690K, committed 2816K, reserved 1048576K
}
Event: 3.407 GC heap after
{Heap after GC invocations=3 (full 0):
 garbage-first heap   total 131072K, used 17666K [0x0000000080000000, 0x0000000100000000)
  region size 1024K, 1 young (1024K), 1 survivors (1024K)
 Metaspace       used 20577K, capacity 21104K, committed 21248K, reserved 1067008K
  class space    used 2508K, capacity 2690K, committed 2816K, reserved 1048576K
}
Event: 4.144 GC heap before
{Heap before GC invocations=4 (full 0):
 garbage-first heap   total 131072K, used 75010K [0x0000000080000000, 0x0000000100000000)
  region size 1024K, 57 young (58368K), 1 survivors (1024K)
 Metaspace       used 26219K, capacity 26831K, committed 27008K, reserved 1073152K
  class space    used 3438K, capacity 3668K, committed 3712K, reserved 1048576K
}
Event: 4.148 GC heap after
{Heap after GC invocations=5 (full 0):
 garbage-first heap   total 131072K, used 19346K [0x0000000080000000, 0x0000000100000000)
  region size 1024K, 3 young (3072K), 3 survivors (3072K)
 Metaspace       used 26219K, capacity 26831K, committed 27008K, reserved 1073152K
  class space    used 3438K, capacity 3668K, committed 3712K, reserved 1048576K
}
Event: 5.408 GC heap before
{Heap before GC invocations=5 (full 0):
 garbage-first heap   total 131072K, used 71570K [0x0000000080000000, 0x0000000100000000)
  region size 1024K, 56 young (57344K), 3 survivors (3072K)
 Metaspace       used 35057K, capacity 35838K, committed 35840K, reserved 1081344K
  class space    used 4541K, capacity 4864K, committed 4864K, reserved 1048576K
}
Event: 5.421 GC heap after
{Heap after GC invocations=6 (full 0):
 garbage-first heap   total 131072K, used 22839K [0x0000000080000000, 0x0000000100000000)
  region size 1024K, 7 young (7168K), 7 survivors (7168K)
 Metaspace       used 35057K, capacity 35838K, committed 35840K, reserved 1081344K
  class space    used 4541K, capacity 4864K, committed 4864K, reserved 1048576K
}
Event: 6.572 GC heap before
{Heap before GC invocations=7 (full 0):
 garbage-first heap   total 131072K, used 87351K [0x0000000080000000, 0x0000000100000000)
  region size 1024K, 68 young (69632K), 7 survivors (7168K)
 Metaspace       used 39566K, capacity 40502K, committed 40780K, reserved 1085440K
  class space    used 5056K, capacity 5390K, committed 5452K, reserved 1048576K
}
Event: 6.584 GC heap after
{Heap after GC invocations=8 (full 0):
 garbage-first heap   total 131072K, used 27809K [0x0000000080000000, 0x0000000100000000)
  region size 1024K, 9 young (9216K), 9 survivors (9216K)
 Metaspace       used 39566K, capacity 40502K, committed 40780K, reserved 1085440K
  class space    used 5056K, capacity 5390K, committed 5452K, reserved 1048576K
}
Event: 8.976 GC heap before
{Heap before GC invocations=8 (full 0):
 garbage-first heap   total 131072K, used 91297K [0x0000000080000000, 0x0000000100000000)
  region size 1024K, 70 young (71680K), 9 survivors (9216K)
 Metaspace       used 45203K, capacity 46310K, committed 46412K, reserved 1089536K
  class space    used 5802K, capacity 6192K, committed 6220K, reserved 1048576K
}
Event: 8.984 GC heap after
{Heap after GC invocations=9 (full 0):
 garbage-first heap   total 131072K, used 29699K [0x0000000080000000, 0x0000000100000000)
  region size 1024K, 3 young (3072K), 3 survivors (3072K)
 Metaspace       used 45203K, capacity 46310K, committed 46412K, reserved 1089536K
  class space    used 5802K, capacity 6192K, committed 6220K, reserved 1048576K
}
Event: 10.567 GC heap before
{Heap before GC invocations=9 (full 0):
 garbage-first heap   total 131072K, used 98307K [0x0000000080000000, 0x0000000100000000)
  region size 1024K, 66 young (67584K), 3 survivors (3072K)
 Metaspace       used 49161K, capacity 50548K, committed 50892K, reserved 1093632K
  class space    used 6281K, capacity 6754K, committed 6860K, reserved 1048576K
}
Event: 10.572 GC heap after
{Heap after GC invocations=10 (full 0):
 garbage-first heap   total 131072K, used 41711K [0x0000000080000000, 0x0000000100000000)
  region size 1024K, 9 young (9216K), 9 survivors (9216K)
 Metaspace       used 49161K, capacity 50548K, committed 50892K, reserved 1093632K
  class space    used 6281K, capacity 6754K, committed 6860K, reserved 1048576K
}
Event: 11.407 GC heap before
{Heap before GC invocations=10 (full 0):
 garbage-first heap   total 131072K, used 98031K [0x0000000080000000, 0x0000000100000000)
  region size 1024K, 64 young (65536K), 9 survivors (9216K)
 Metaspace       used 57496K, capacity 58931K, committed 59084K, reserved 1099776K
  class space    used 7264K, capacity 7755K, committed 7884K, reserved 1048576K
}
Event: 11.416 GC heap after
{Heap after GC invocations=11 (full 0):
 garbage-first heap   total 131072K, used 44375K [0x0000000080000000, 0x0000000100000000)
  region size 1024K, 3 young (3072K), 3 survivors (3072K)
 Metaspace       used 57496K, capacity 58931K, committed 59084K, reserved 1099776K
  class space    used 7264K, capacity 7755K, committed 7884K, reserved 1048576K
}
Event: 11.522 GC heap before
{Heap before GC invocations=11 (full 0):
 garbage-first heap   total 131072K, used 47447K [0x0000000080000000, 0x0000000100000000)
  region size 1024K, 7 young (7168K), 3 survivors (3072K)
 Metaspace       used 58662K, capacity 60159K, committed 60236K, reserved 1101824K
  class space    used 7411K, capacity 7950K, committed 8012K, reserved 1048576K
}
Event: 11.526 GC heap after
{Heap after GC invocations=12 (full 0):
 garbage-first heap   total 131072K, used 44430K [0x0000000080000000, 0x0000000100000000)
  region size 1024K, 3 young (3072K), 3 survivors (3072K)
 Metaspace       used 58662K, capacity 60159K, committed 60236K, reserved 1101824K
  class space    used 7411K, capacity 7950K, committed 8012K, reserved 1048576K
}
Event: 12.284 GC heap before
{Heap before GC invocations=13 (full 0):
 garbage-first heap   total 131072K, used 100750K [0x0000000080000000, 0x0000000100000000)
  region size 1024K, 58 young (59392K), 3 survivors (3072K)
 Metaspace       used 63968K, capacity 65387K, committed 65484K, reserved 1105920K
  class space    used 8058K, capacity 8591K, committed 8652K, reserved 1048576K
}
Event: 12.291 GC heap after
{Heap after GC invocations=14 (full 0):
 garbage-first heap   total 131072K, used 48769K [0x0000000080000000, 0x0000000100000000)
  region size 1024K, 7 young (7168K), 7 survivors (7168K)
 Metaspace       used 63968K, capacity 65387K, committed 65484K, reserved 1105920K
  class space    used 8058K, capacity 8591K, committed 8652K, reserved 1048576K
}
Event: 13.025 GC heap before
{Heap before GC invocations=14 (full 0):
 garbage-first heap   total 131072K, used 103041K [0x0000000080000000, 0x0000000100000000)
  region size 1024K, 60 young (61440K), 7 survivors (7168K)
 Metaspace       used 68555K, capacity 70070K, committed 70348K, reserved 1110016K
  class space    used 8818K, capacity 9382K, committed 9420K, reserved 1048576K
}
Event: 13.034 GC heap after
{Heap after GC invocations=15 (full 0):
 garbage-first heap   total 131072K, used 53644K [0x0000000080000000, 0x0000000100000000)
  region size 1024K, 5 young (5120K), 5 survivors (5120K)
 Metaspace       used 68555K, capacity 70070K, committed 70348K, reserved 1110016K
  class space    used 8818K, capacity 9382K, committed 9420K, reserved 1048576K
}

