# JRE version: OpenJDK Runtime Environment (11.0.10) (build 11.0.10+0-b96-7249189)
# Java VM: OpenJDK 64-Bit Server VM (11.0.10+0-b96-7249189, mixed mode, tiered, compressed oops, g1 gc, windows-amd64)
Heap:
 garbage-first heap   total 157696K, used 85264K [0x0000000080000000, 0x0000000100000000)
  region size 1024K, 26 young (26624K), 2 survivors (2048K)
 Metaspace       used 85019K, capacity 87075K, committed 87372K, reserved 1124352K
  class space    used 10869K, capacity 11582K, committed 11648K, reserved 1048576K
GC Heap History (20 events):
Event: 7.008 GC heap before
{Heap before GC invocations=8 (full 0):
 garbage-first heap   total 131072K, used 87611K [0x0000000080000000, 0x0000000100000000)
  region size 1024K, 68 young (69632K), 9 survivors (9216K)
 Metaspace       used 44811K, capacity 45915K, committed 46208K, reserved 1089536K
  class space    used 5757K, capacity 6146K, committed 6272K, reserved 1048576K
}
Event: 7.018 GC heap after
{Heap after GC invocations=9 (full 0):
 garbage-first heap   total 131072K, used 29067K [0x0000000080000000, 0x0000000100000000)
  region size 1024K, 3 young (3072K), 3 survivors (3072K)
 Metaspace       used 44811K, capacity 45915K, committed 46208K, reserved 1089536K
  class space    used 5757K, capacity 6146K, committed 6272K, reserved 1048576K
}
Event: 8.131 GC heap before
{Heap before GC invocations=9 (full 0):
 garbage-first heap   total 131072K, used 94603K [0x0000000080000000, 0x0000000100000000)
  region size 1024K, 64 young (65536K), 3 survivors (3072K)
 Metaspace       used 48235K, capacity 49614K, committed 49664K, reserved 1091584K
  class space    used 6174K, capacity 6656K, committed 6656K, reserved 1048576K
}
Event: 8.138 GC heap after
{Heap after GC invocations=10 (full 0):
 garbage-first heap   total 157696K, used 40539K [0x0000000080000000, 0x0000000100000000)
  region size 1024K, 8 young (8192K), 8 survivors (8192K)
 Metaspace       used 48235K, capacity 49614K, committed 49664K, reserved 1091584K
  class space    used 6174K, capacity 6656K, committed 6656K, reserved 1048576K
}
Event: 9.055 GC heap before
{Heap before GC invocations=10 (full 0):
 garbage-first heap   total 157696K, used 106075K [0x0000000080000000, 0x0000000100000000)
  region size 1024K, 73 young (74752K), 8 survivors (8192K)
 Metaspace       used 58427K, capacity 59921K, committed 60160K, reserved 1101824K
  class space    used 7382K, capacity 7936K, committed 7936K, reserved 1048576K
}
Event: 9.074 GC heap after
{Heap after GC invocations=11 (full 0):
 garbage-first heap   total 157696K, used 43824K [0x0000000080000000, 0x0000000100000000)
  region size 1024K, 3 young (3072K), 3 survivors (3072K)
 Metaspace       used 58427K, capacity 59921K, committed 60160K, reserved 1101824K
  class space    used 7382K, capacity 7936K, committed 7936K, reserved 1048576K
}
Event: 9.868 GC heap before
{Heap before GC invocations=12 (full 0):
 garbage-first heap   total 157696K, used 112432K [0x0000000080000000, 0x0000000100000000)
  region size 1024K, 70 young (71680K), 3 survivors (3072K)
 Metaspace       used 64308K, capacity 65781K, committed 65996K, reserved 1105920K
  class space    used 8146K, capacity 8701K, committed 8704K, reserved 1048576K
}
Event: 9.875 GC heap after
{Heap after GC invocations=13 (full 0):
 garbage-first heap   total 157696K, used 49785K [0x0000000080000000, 0x0000000100000000)
  region size 1024K, 9 young (9216K), 9 survivors (9216K)
 Metaspace       used 64308K, capacity 65781K, committed 65996K, reserved 1105920K
  class space    used 8146K, capacity 8701K, committed 8704K, reserved 1048576K
}
Event: 10.762 GC heap before
{Heap before GC invocations=13 (full 0):
 garbage-first heap   total 157696K, used 116345K [0x0000000080000000, 0x0000000100000000)
  region size 1024K, 74 young (75776K), 9 survivors (9216K)
 Metaspace       used 70767K, capacity 72487K, committed 72780K, reserved 1112064K
  class space    used 9133K, capacity 9752K, committed 9856K, reserved 1048576K
}
Event: 10.772 GC heap after
{Heap after GC invocations=14 (full 0):
 garbage-first heap   total 157696K, used 54469K [0x0000000080000000, 0x0000000100000000)
  region size 1024K, 5 young (5120K), 5 survivors (5120K)
 Metaspace       used 70767K, capacity 72487K, committed 72780K, reserved 1112064K
  class space    used 9133K, capacity 9752K, committed 9856K, reserved 1048576K
}
Event: 11.811 GC heap before
{Heap before GC invocations=14 (full 0):
 garbage-first heap   total 157696K, used 120005K [0x0000000080000000, 0x0000000100000000)
  region size 1024K, 69 young (70656K), 5 survivors (5120K)
 Metaspace       used 77277K, capacity 79081K, committed 79308K, reserved 1118208K
  class space    used 10018K, capacity 10671K, committed 10752K, reserved 1048576K
}
Event: 11.819 GC heap after
{Heap after GC invocations=15 (full 0):
 garbage-first heap   total 157696K, used 57264K [0x0000000080000000, 0x0000000100000000)
  region size 1024K, 8 young (8192K), 8 survivors (8192K)
 Metaspace       used 77277K, capacity 79081K, committed 79308K, reserved 1118208K
  class space    used 10018K, capacity 10671K, committed 10752K, reserved 1048576K
}
Event: 13.101 GC heap before
{Heap before GC invocations=15 (full 0):
 garbage-first heap   total 157696K, used 121776K [0x0000000080000000, 0x0000000100000000)
  region size 1024K, 72 young (73728K), 8 survivors (8192K)
 Metaspace       used 81875K, capacity 83786K, committed 83916K, reserved 1122304K
  class space    used 10565K, capacity 11234K, committed 11264K, reserved 1048576K
}
Event: 13.111 GC heap after
{Heap after GC invocations=16 (full 0):
 garbage-first heap   total 157696K, used 63008K [0x0000000080000000, 0x0000000100000000)
  region size 1024K, 9 young (9216K), 9 survivors (9216K)
 Metaspace       used 81875K, capacity 83786K, committed 83916K, reserved 1122304K
  class space    used 10565K, capacity 11234K, committed 11264K, reserved 1048576K
}
Event: 13.481 GC heap before
{Heap before GC invocations=16 (full 0):
 garbage-first heap   total 157696K, used 124448K [0x0000000080000000, 0x0000000100000000)
  region size 1024K, 69 young (70656K), 9 survivors (9216K)
 Metaspace       used 82282K, capacity 84188K, committed 84556K, reserved 1122304K
  class space    used 10586K, capacity 11268K, committed 11392K, reserved 1048576K
}
Event: 13.488 GC heap after
{Heap after GC invocations=17 (full 0):
 garbage-first heap   total 157696K, used 62386K [0x0000000080000000, 0x0000000100000000)
  region size 1024K, 3 young (3072K), 3 survivors (3072K)
 Metaspace       used 82282K, capacity 84188K, committed 84556K, reserved 1122304K
  class space    used 10586K, capacity 11268K, committed 11392K, reserved 1048576K
}
Event: 23.425 GC heap before
{Heap before GC invocations=17 (full 0):
 garbage-first heap   total 157696K, used 125874K [0x0000000080000000, 0x0000000100000000)
  region size 1024K, 65 young (66560K), 3 survivors (3072K)
 Metaspace       used 82725K, capacity 84689K, committed 84812K, reserved 1122304K
  class space    used 10623K, capacity 11343K, committed 11392K, reserved 1048576K
}
Event: 23.428 GC heap after
{Heap after GC invocations=18 (full 0):
 garbage-first heap   total 157696K, used 61600K [0x0000000080000000, 0x0000000100000000)
  region size 1024K, 2 young (2048K), 2 survivors (2048K)
 Metaspace       used 82725K, capacity 84689K, committed 84812K, reserved 1122304K
  class space    used 10623K, capacity 11343K, committed 11392K, reserved 1048576K
}
Event: 33.297 GC heap before
{Heap before GC invocations=18 (full 0):
 garbage-first heap   total 157696K, used 128160K [0x0000000080000000, 0x0000000100000000)
  region size 1024K, 67 young (68608K), 2 survivors (2048K)
 Metaspace       used 83218K, capacity 85181K, committed 85324K, reserved 1124352K
  class space    used 10673K, capacity 11377K, committed 11392K, reserved 1048576K
}
Event: 33.299 GC heap after
{Heap after GC invocations=19 (full 0):
 garbage-first heap   total 157696K, used 61712K [0x0000000080000000, 0x0000000100000000)
  region size 1024K, 2 young (2048K), 2 survivors (2048K)
 Metaspace       used 83218K, capacity 85181K, committed 85324K, reserved 1124352K
  class space    used 10673K, capacity 11377K, committed 11392K, reserved 1048576K
}

