# JRE version: OpenJDK Runtime Environment (11.0.10) (build 11.0.10+0-b96-7249189)
# Java VM: OpenJDK 64-Bit Server VM (11.0.10+0-b96-7249189, mixed mode, tiered, compressed oops, g1 gc, windows-amd64)
Heap:
 garbage-first heap   total 131072K, used 39014K [0x0000000080000000, 0x0000000100000000)
  region size 1024K, 21 young (21504K), 9 survivors (9216K)
 Metaspace       used 40366K, capacity 41328K, committed 41420K, reserved 1091584K
  class space    used 5183K, capacity 5531K, committed 5580K, reserved 1048576K
GC Heap History (12 events):
Event: 0.771 GC heap before
{Heap before GC invocations=0 (full 0):
 garbage-first heap   total 131072K, used 29696K [0x0000000080000000, 0x0000000100000000)
  region size 1024K, 24 young (24576K), 0 survivors (0K)
 Metaspace       used 10146K, capacity 10403K, committed 10624K, reserved 1058816K
  class space    used 1061K, capacity 1106K, committed 1152K, reserved 1048576K
}
Event: 0.776 GC heap after
{Heap after GC invocations=1 (full 0):
 garbage-first heap   total 131072K, used 9690K [0x0000000080000000, 0x0000000100000000)
  region size 1024K, 3 young (3072K), 3 survivors (3072K)
 Metaspace       used 10146K, capacity 10403K, committed 10624K, reserved 1058816K
  class space    used 1061K, capacity 1106K, committed 1152K, reserved 1048576K
}
Event: 3.003 GC heap before
{Heap before GC invocations=1 (full 0):
 garbage-first heap   total 131072K, used 84442K [0x0000000080000000, 0x0000000100000000)
  region size 1024K, 76 young (77824K), 3 survivors (3072K)
 Metaspace       used 17752K, capacity 18232K, committed 18432K, reserved 1064960K
  class space    used 2096K, capacity 2238K, committed 2304K, reserved 1048576K
}
Event: 3.009 GC heap after
{Heap after GC invocations=2 (full 0):
 garbage-first heap   total 131072K, used 16025K [0x0000000080000000, 0x0000000100000000)
  region size 1024K, 10 young (10240K), 10 survivors (10240K)
 Metaspace       used 17752K, capacity 18232K, committed 18432K, reserved 1064960K
  class space    used 2096K, capacity 2238K, committed 2304K, reserved 1048576K
}
Event: 3.298 GC heap before
{Heap before GC invocations=2 (full 0):
 garbage-first heap   total 131072K, used 37529K [0x0000000080000000, 0x0000000100000000)
  region size 1024K, 32 young (32768K), 10 survivors (10240K)
 Metaspace       used 20574K, capacity 21104K, committed 21248K, reserved 1067008K
  class space    used 2508K, capacity 2690K, committed 2816K, reserved 1048576K
}
Event: 3.306 GC heap after
{Heap after GC invocations=3 (full 0):
 garbage-first heap   total 131072K, used 17300K [0x0000000080000000, 0x0000000100000000)
  region size 1024K, 2 young (2048K), 2 survivors (2048K)
 Metaspace       used 20574K, capacity 21104K, committed 21248K, reserved 1067008K
  class space    used 2508K, capacity 2690K, committed 2816K, reserved 1048576K
}
Event: 4.486 GC heap before
{Heap before GC invocations=4 (full 0):
 garbage-first heap   total 131072K, used 86932K [0x0000000080000000, 0x0000000100000000)
  region size 1024K, 70 young (71680K), 2 survivors (2048K)
 Metaspace       used 27371K, capacity 28039K, committed 28288K, reserved 1073152K
  class space    used 3615K, capacity 3859K, committed 3968K, reserved 1048576K
}
Event: 4.494 GC heap after
{Heap after GC invocations=5 (full 0):
 garbage-first heap   total 131072K, used 19223K [0x0000000080000000, 0x0000000100000000)
  region size 1024K, 3 young (3072K), 3 survivors (3072K)
 Metaspace       used 27371K, capacity 28039K, committed 28288K, reserved 1073152K
  class space    used 3615K, capacity 3859K, committed 3968K, reserved 1048576K
}
Event: 5.581 GC heap before
{Heap before GC invocations=5 (full 0):
 garbage-first heap   total 131072K, used 59159K [0x0000000080000000, 0x0000000100000000)
  region size 1024K, 43 young (44032K), 3 survivors (3072K)
 Metaspace       used 35069K, capacity 35838K, committed 35840K, reserved 1081344K
  class space    used 4540K, capacity 4864K, committed 4864K, reserved 1048576K
}
Event: 5.594 GC heap after
{Heap after GC invocations=6 (full 0):
 garbage-first heap   total 131072K, used 22205K [0x0000000080000000, 0x0000000100000000)
  region size 1024K, 6 young (6144K), 6 survivors (6144K)
 Metaspace       used 35069K, capacity 35838K, committed 35840K, reserved 1081344K
  class space    used 4540K, capacity 4864K, committed 4864K, reserved 1048576K
}
Event: 6.958 GC heap before
{Heap before GC invocations=7 (full 0):
 garbage-first heap   total 131072K, used 84669K [0x0000000080000000, 0x0000000100000000)
  region size 1024K, 65 young (66560K), 6 survivors (6144K)
 Metaspace       used 39471K, capacity 40340K, committed 40524K, reserved 1085440K
  class space    used 5031K, capacity 5357K, committed 5452K, reserved 1048576K
}
Event: 6.971 GC heap after
{Heap after GC invocations=8 (full 0):
 garbage-first heap   total 131072K, used 27750K [0x0000000080000000, 0x0000000100000000)
  region size 1024K, 9 young (9216K), 9 survivors (9216K)
 Metaspace       used 39471K, capacity 40340K, committed 40524K, reserved 1085440K
  class space    used 5031K, capacity 5357K, committed 5452K, reserved 1048576K
}

