# JRE version: OpenJDK Runtime Environment (11.0.10) (build 11.0.10+0-b96-7249189)
# Java VM: OpenJDK 64-Bit Server VM (11.0.10+0-b96-7249189, mixed mode, tiered, compressed oops, g1 gc, windows-amd64)
Heap:
 garbage-first heap   total 224256K, used 174940K [0x0000000080000000, 0x0000000100000000)
  region size 1024K, 27 young (27648K), 4 survivors (4096K)
 Metaspace       used 110591K, capacity 113653K, committed 113996K, reserved 1148928K
  class space    used 14127K, capacity 15307K, committed 15436K, reserved 1048576K
GC Heap History (20 events):
Event: 867.050 GC heap before
{Heap before GC invocations=42 (full 0):
 garbage-first heap   total 131072K, used 103614K [0x0000000080000000, 0x0000000100000000)
  region size 1024K, 19 young (19456K), 1 survivors (1024K)
 Metaspace       used 108255K, capacity 111431K, committed 111564K, reserved 1146880K
  class space    used 13813K, capacity 15012K, committed 15052K, reserved 1048576K
}
Event: 867.059 GC heap after
{Heap after GC invocations=43 (full 0):
 garbage-first heap   total 131072K, used 85220K [0x0000000080000000, 0x0000000100000000)
  region size 1024K, 2 young (2048K), 2 survivors (2048K)
 Metaspace       used 108255K, capacity 111431K, committed 111564K, reserved 1146880K
  class space    used 13813K, capacity 15012K, committed 15052K, reserved 1048576K
}
Event: 867.492 GC heap before
{Heap before GC invocations=43 (full 0):
 garbage-first heap   total 131072K, used 106724K [0x0000000080000000, 0x0000000100000000)
  region size 1024K, 15 young (15360K), 2 survivors (2048K)
 Metaspace       used 108990K, capacity 112060K, committed 112204K, reserved 1146880K
  class space    used 13911K, capacity 15107K, committed 15180K, reserved 1048576K
}
Event: 867.497 GC heap after
{Heap after GC invocations=44 (full 0):
 garbage-first heap   total 131072K, used 96876K [0x0000000080000000, 0x0000000100000000)
  region size 1024K, 3 young (3072K), 3 survivors (3072K)
 Metaspace       used 108990K, capacity 112060K, committed 112204K, reserved 1146880K
  class space    used 13911K, capacity 15107K, committed 15180K, reserved 1048576K
}
Event: 867.710 GC heap before
{Heap before GC invocations=44 (full 0):
 garbage-first heap   total 131072K, used 115308K [0x0000000080000000, 0x0000000100000000)
  region size 1024K, 17 young (17408K), 3 survivors (3072K)
 Metaspace       used 109061K, capacity 112127K, committed 112460K, reserved 1146880K
  class space    used 13905K, capacity 15086K, committed 15180K, reserved 1048576K
}
Event: 867.721 GC heap after
{Heap after GC invocations=45 (full 0):
 garbage-first heap   total 157696K, used 103250K [0x0000000080000000, 0x0000000100000000)
  region size 1024K, 3 young (3072K), 3 survivors (3072K)
 Metaspace       used 109061K, capacity 112127K, committed 112460K, reserved 1146880K
  class space    used 13905K, capacity 15086K, committed 15180K, reserved 1048576K
}
Event: 868.058 GC heap before
{Heap before GC invocations=46 (full 0):
 garbage-first heap   total 157696K, used 122706K [0x0000000080000000, 0x0000000100000000)
  region size 1024K, 23 young (23552K), 3 survivors (3072K)
 Metaspace       used 109825K, capacity 112890K, committed 113228K, reserved 1146880K
  class space    used 14118K, capacity 15298K, committed 15436K, reserved 1048576K
}
Event: 868.079 GC heap after
{Heap after GC invocations=47 (full 0):
 garbage-first heap   total 157696K, used 111466K [0x0000000080000000, 0x0000000100000000)
  region size 1024K, 3 young (3072K), 3 survivors (3072K)
 Metaspace       used 109825K, capacity 112890K, committed 113228K, reserved 1146880K
  class space    used 14118K, capacity 15298K, committed 15436K, reserved 1048576K
}
Event: 868.542 GC heap before
{Heap before GC invocations=47 (full 0):
 garbage-first heap   total 157696K, used 127850K [0x0000000080000000, 0x0000000100000000)
  region size 1024K, 19 young (19456K), 3 survivors (3072K)
 Metaspace       used 110063K, capacity 113159K, committed 113484K, reserved 1146880K
  class space    used 14118K, capacity 15298K, committed 15436K, reserved 1048576K
}
Event: 868.560 GC heap after
{Heap after GC invocations=48 (full 0):
 garbage-first heap   total 157696K, used 120648K [0x0000000080000000, 0x0000000100000000)
  region size 1024K, 3 young (3072K), 3 survivors (3072K)
 Metaspace       used 110063K, capacity 113159K, committed 113484K, reserved 1146880K
  class space    used 14118K, capacity 15298K, committed 15436K, reserved 1048576K
}
Event: 868.682 GC heap before
{Heap before GC invocations=48 (full 0):
 garbage-first heap   total 157696K, used 130888K [0x0000000080000000, 0x0000000100000000)
  region size 1024K, 13 young (13312K), 3 survivors (3072K)
 Metaspace       used 110071K, capacity 113159K, committed 113484K, reserved 1146880K
  class space    used 14118K, capacity 15298K, committed 15436K, reserved 1048576K
}
Event: 868.697 GC heap after
{Heap after GC invocations=49 (full 0):
 garbage-first heap   total 157696K, used 126512K [0x0000000080000000, 0x0000000100000000)
  region size 1024K, 2 young (2048K), 2 survivors (2048K)
 Metaspace       used 110071K, capacity 113159K, committed 113484K, reserved 1146880K
  class space    used 14118K, capacity 15298K, committed 15436K, reserved 1048576K
}
Event: 868.789 GC heap before
{Heap before GC invocations=49 (full 0):
 garbage-first heap   total 157696K, used 132656K [0x0000000080000000, 0x0000000100000000)
  region size 1024K, 8 young (8192K), 2 survivors (2048K)
 Metaspace       used 110075K, capacity 113160K, committed 113484K, reserved 1146880K
  class space    used 14118K, capacity 15298K, committed 15436K, reserved 1048576K
}
Event: 868.799 GC heap after
{Heap after GC invocations=50 (full 0):
 garbage-first heap   total 224256K, used 130697K [0x0000000080000000, 0x0000000100000000)
  region size 1024K, 1 young (1024K), 1 survivors (1024K)
 Metaspace       used 110075K, capacity 113160K, committed 113484K, reserved 1146880K
  class space    used 14118K, capacity 15298K, committed 15436K, reserved 1048576K
}
Event: 869.368 GC heap before
{Heap before GC invocations=51 (full 0):
 garbage-first heap   total 224256K, used 157321K [0x0000000080000000, 0x0000000100000000)
  region size 1024K, 27 young (27648K), 1 survivors (1024K)
 Metaspace       used 110289K, capacity 113395K, committed 113740K, reserved 1146880K
  class space    used 14122K, capacity 15300K, committed 15436K, reserved 1048576K
}
Event: 869.393 GC heap after
{Heap after GC invocations=52 (full 0):
 garbage-first heap   total 224256K, used 138144K [0x0000000080000000, 0x0000000100000000)
  region size 1024K, 4 young (4096K), 4 survivors (4096K)
 Metaspace       used 110289K, capacity 113395K, committed 113740K, reserved 1146880K
  class space    used 14122K, capacity 15300K, committed 15436K, reserved 1048576K
}
Event: 869.796 GC heap before
{Heap before GC invocations=52 (full 0):
 garbage-first heap   total 224256K, used 162720K [0x0000000080000000, 0x0000000100000000)
  region size 1024K, 29 young (29696K), 4 survivors (4096K)
 Metaspace       used 110438K, capacity 113546K, committed 113740K, reserved 1146880K
  class space    used 14123K, capacity 15301K, committed 15436K, reserved 1048576K
}
Event: 869.823 GC heap after
{Heap after GC invocations=53 (full 0):
 garbage-first heap   total 224256K, used 144155K [0x0000000080000000, 0x0000000100000000)
  region size 1024K, 4 young (4096K), 4 survivors (4096K)
 Metaspace       used 110438K, capacity 113546K, committed 113740K, reserved 1146880K
  class space    used 14123K, capacity 15301K, committed 15436K, reserved 1048576K
}
Event: 870.297 GC heap before
{Heap before GC invocations=53 (full 0):
 garbage-first heap   total 224256K, used 172827K [0x0000000080000000, 0x0000000100000000)
  region size 1024K, 29 young (29696K), 4 survivors (4096K)
 Metaspace       used 110532K, capacity 113627K, committed 113996K, reserved 1148928K
  class space    used 14123K, capacity 15301K, committed 15436K, reserved 1048576K
}
Event: 870.311 GC heap after
{Heap after GC invocations=54 (full 0):
 garbage-first heap   total 224256K, used 151388K [0x0000000080000000, 0x0000000100000000)
  region size 1024K, 4 young (4096K), 4 survivors (4096K)
 Metaspace       used 110532K, capacity 113627K, committed 113996K, reserved 1148928K
  class space    used 14123K, capacity 15301K, committed 15436K, reserved 1048576K
}

