# JRE version: OpenJDK Runtime Environment (11.0.10) (build 11.0.10+0-b96-7249189)
# Java VM: OpenJDK 64-Bit Server VM (11.0.10+0-b96-7249189, mixed mode, tiered, compressed oops, g1 gc, windows-amd64)
Heap:
 garbage-first heap   total 247808K, used 136527K [0x0000000080000000, 0x0000000100000000)
  region size 1024K, 15 young (15360K), 2 survivors (2048K)
 Metaspace       used 113122K, capacity 116146K, committed 117068K, reserved 1150976K
  class space    used 14563K, capacity 15725K, committed 16204K, reserved 1048576K
GC Heap History (20 events):
Event: 19.316 GC heap before
{Heap before GC invocations=35 (full 0):
 garbage-first heap   total 193536K, used 152847K [0x0000000080000000, 0x0000000100000000)
  region size 1024K, 25 young (25600K), 4 survivors (4096K)
 Metaspace       used 104665K, capacity 107895K, committed 108236K, reserved 1142784K
  class space    used 13850K, capacity 15143K, committed 15308K, reserved 1048576K
}
Event: 19.329 GC heap after
{Heap after GC invocations=36 (full 0):
 garbage-first heap   total 193536K, used 139004K [0x0000000080000000, 0x0000000100000000)
  region size 1024K, 4 young (4096K), 4 survivors (4096K)
 Metaspace       used 104665K, capacity 107895K, committed 108236K, reserved 1142784K
  class space    used 13850K, capacity 15143K, committed 15308K, reserved 1048576K
}
Event: 19.615 GC heap before
{Heap before GC invocations=36 (full 0):
 garbage-first heap   total 193536K, used 154364K [0x0000000080000000, 0x0000000100000000)
  region size 1024K, 22 young (22528K), 4 survivors (4096K)
 Metaspace       used 104127K, capacity 107023K, committed 108492K, reserved 1142784K
  class space    used 13627K, capacity 14739K, committed 15308K, reserved 1048576K
}
Event: 19.631 GC heap after
{Heap after GC invocations=37 (full 0):
 garbage-first heap   total 193536K, used 139019K [0x0000000080000000, 0x0000000100000000)
  region size 1024K, 3 young (3072K), 3 survivors (3072K)
 Metaspace       used 104127K, capacity 107023K, committed 108492K, reserved 1142784K
  class space    used 13627K, capacity 14739K, committed 15308K, reserved 1048576K
}
Event: 20.029 GC heap before
{Heap before GC invocations=38 (full 0):
 garbage-first heap   total 193536K, used 160523K [0x0000000080000000, 0x0000000100000000)
  region size 1024K, 22 young (22528K), 3 survivors (3072K)
 Metaspace       used 104167K, capacity 107026K, committed 108492K, reserved 1142784K
  class space    used 13628K, capacity 14739K, committed 15308K, reserved 1048576K
}
Event: 20.039 GC heap after
{Heap after GC invocations=39 (full 0):
 garbage-first heap   total 247808K, used 145664K [0x0000000080000000, 0x0000000100000000)
  region size 1024K, 3 young (3072K), 3 survivors (3072K)
 Metaspace       used 104167K, capacity 107026K, committed 108492K, reserved 1142784K
  class space    used 13628K, capacity 14739K, committed 15308K, reserved 1048576K
}
Event: 20.144 GC heap before
{Heap before GC invocations=39 (full 0):
 garbage-first heap   total 247808K, used 154880K [0x0000000080000000, 0x0000000100000000)
  region size 1024K, 12 young (12288K), 3 survivors (3072K)
 Metaspace       used 104192K, capacity 107046K, committed 108492K, reserved 1142784K
  class space    used 13631K, capacity 14745K, committed 15308K, reserved 1048576K
}
Event: 20.147 GC heap after
{Heap after GC invocations=40 (full 0):
 garbage-first heap   total 247808K, used 147168K [0x0000000080000000, 0x0000000100000000)
  region size 1024K, 2 young (2048K), 2 survivors (2048K)
 Metaspace       used 104192K, capacity 107046K, committed 108492K, reserved 1142784K
  class space    used 13631K, capacity 14745K, committed 15308K, reserved 1048576K
}
Event: 20.244 GC heap before
{Heap before GC invocations=40 (full 0):
 garbage-first heap   total 247808K, used 175840K [0x0000000080000000, 0x0000000100000000)
  region size 1024K, 31 young (31744K), 2 survivors (2048K)
 Metaspace       used 104226K, capacity 107120K, committed 108492K, reserved 1142784K
  class space    used 13632K, capacity 14747K, committed 15308K, reserved 1048576K
}
Event: 20.252 GC heap after
{Heap after GC invocations=41 (full 0):
 garbage-first heap   total 247808K, used 152477K [0x0000000080000000, 0x0000000100000000)
  region size 1024K, 5 young (5120K), 5 survivors (5120K)
 Metaspace       used 104226K, capacity 107120K, committed 108492K, reserved 1142784K
  class space    used 13632K, capacity 14747K, committed 15308K, reserved 1048576K
}
Event: 20.814 GC heap before
{Heap before GC invocations=42 (full 0):
 garbage-first heap   total 247808K, used 194461K [0x0000000080000000, 0x0000000100000000)
  region size 1024K, 39 young (39936K), 5 survivors (5120K)
 Metaspace       used 104501K, capacity 107372K, committed 108748K, reserved 1142784K
  class space    used 13638K, capacity 14750K, committed 15308K, reserved 1048576K
}
Event: 20.819 GC heap after
{Heap after GC invocations=43 (full 0):
 garbage-first heap   total 247808K, used 153830K [0x0000000080000000, 0x0000000100000000)
  region size 1024K, 1 young (1024K), 1 survivors (1024K)
 Metaspace       used 104501K, capacity 107372K, committed 108748K, reserved 1142784K
  class space    used 13638K, capacity 14750K, committed 15308K, reserved 1048576K
}
Event: 20.940 GC heap before
{Heap before GC invocations=43 (full 0):
 garbage-first heap   total 247808K, used 164070K [0x0000000080000000, 0x0000000100000000)
  region size 1024K, 12 young (12288K), 1 survivors (1024K)
 Metaspace       used 105283K, capacity 108114K, committed 109388K, reserved 1142784K
  class space    used 13749K, capacity 14848K, committed 15436K, reserved 1048576K
}
Event: 20.944 GC heap after
{Heap after GC invocations=44 (full 0):
 garbage-first heap   total 247808K, used 149736K [0x0000000080000000, 0x0000000100000000)
  region size 1024K, 1 young (1024K), 1 survivors (1024K)
 Metaspace       used 105283K, capacity 108114K, committed 109388K, reserved 1142784K
  class space    used 13749K, capacity 14848K, committed 15436K, reserved 1048576K
}
Event: 21.275 GC heap before
{Heap before GC invocations=44 (full 0):
 garbage-first heap   total 247808K, used 187624K [0x0000000080000000, 0x0000000100000000)
  region size 1024K, 38 young (38912K), 1 survivors (1024K)
 Metaspace       used 107813K, capacity 110642K, committed 111948K, reserved 1144832K
  class space    used 14057K, capacity 15136K, committed 15692K, reserved 1048576K
}
Event: 21.279 GC heap after
{Heap after GC invocations=45 (full 0):
 garbage-first heap   total 247808K, used 151904K [0x0000000080000000, 0x0000000100000000)
  region size 1024K, 3 young (3072K), 3 survivors (3072K)
 Metaspace       used 107813K, capacity 110642K, committed 111948K, reserved 1144832K
  class space    used 14057K, capacity 15136K, committed 15692K, reserved 1048576K
}
Event: 22.054 GC heap before
{Heap before GC invocations=46 (full 0):
 garbage-first heap   total 247808K, used 193888K [0x0000000080000000, 0x0000000100000000)
  region size 1024K, 42 young (43008K), 3 survivors (3072K)
 Metaspace       used 112376K, capacity 115337K, committed 116300K, reserved 1148928K
  class space    used 14529K, capacity 15710K, committed 16204K, reserved 1048576K
}
Event: 22.059 GC heap after
{Heap after GC invocations=47 (full 0):
 garbage-first heap   total 247808K, used 138401K [0x0000000080000000, 0x0000000100000000)
  region size 1024K, 4 young (4096K), 4 survivors (4096K)
 Metaspace       used 112376K, capacity 115337K, committed 116300K, reserved 1148928K
  class space    used 14529K, capacity 15710K, committed 16204K, reserved 1048576K
}
Event: 165.561 GC heap before
{Heap before GC invocations=47 (full 0):
 garbage-first heap   total 247808K, used 145569K [0x0000000080000000, 0x0000000100000000)
  region size 1024K, 12 young (12288K), 4 survivors (4096K)
 Metaspace       used 112930K, capacity 115984K, committed 117068K, reserved 1150976K
  class space    used 14561K, capacity 15722K, committed 16204K, reserved 1048576K
}
Event: 165.573 GC heap after
{Heap after GC invocations=48 (full 0):
 garbage-first heap   total 247808K, used 125263K [0x0000000080000000, 0x0000000100000000)
  region size 1024K, 2 young (2048K), 2 survivors (2048K)
 Metaspace       used 112930K, capacity 115984K, committed 117068K, reserved 1150976K
  class space    used 14561K, capacity 15722K, committed 16204K, reserved 1048576K
}

