# JRE version: OpenJDK Runtime Environment (11.0.10) (build 11.0.10+0-b96-7249189)
# Java VM: OpenJDK 64-Bit Server VM (11.0.10+0-b96-7249189, mixed mode, tiered, compressed oops, g1 gc, windows-amd64)
Heap:
 garbage-first heap   total 131072K, used 56724K [0x0000000080000000, 0x0000000100000000)
  region size 1024K, 41 young (41984K), 3 survivors (3072K)
 Metaspace       used 30190K, capacity 30883K, committed 30976K, reserved 1075200K
  class space    used 4040K, capacity 4274K, committed 4352K, reserved 1048576K
GC Heap History (8 events):
Event: 2.026 GC heap before
{Heap before GC invocations=0 (full 0):
 garbage-first heap   total 131072K, used 29696K [0x0000000080000000, 0x0000000100000000)
  region size 1024K, 24 young (24576K), 0 survivors (0K)
 Metaspace       used 10165K, capacity 10405K, committed 10624K, reserved 1058816K
  class space    used 1060K, capacity 1107K, committed 1152K, reserved 1048576K
}
Event: 2.033 GC heap after
{Heap after GC invocations=1 (full 0):
 garbage-first heap   total 131072K, used 9416K [0x0000000080000000, 0x0000000100000000)
  region size 1024K, 3 young (3072K), 3 survivors (3072K)
 Metaspace       used 10165K, capacity 10405K, committed 10624K, reserved 1058816K
  class space    used 1060K, capacity 1107K, committed 1152K, reserved 1048576K
}
Event: 7.123 GC heap before
{Heap before GC invocations=1 (full 0):
 garbage-first heap   total 131072K, used 84168K [0x0000000080000000, 0x0000000100000000)
  region size 1024K, 76 young (77824K), 3 survivors (3072K)
 Metaspace       used 17743K, capacity 18232K, committed 18432K, reserved 1064960K
  class space    used 2094K, capacity 2238K, committed 2304K, reserved 1048576K
}
Event: 7.134 GC heap after
{Heap after GC invocations=2 (full 0):
 garbage-first heap   total 131072K, used 16217K [0x0000000080000000, 0x0000000100000000)
  region size 1024K, 10 young (10240K), 10 survivors (10240K)
 Metaspace       used 17743K, capacity 18232K, committed 18432K, reserved 1064960K
  class space    used 2094K, capacity 2238K, committed 2304K, reserved 1048576K
}
Event: 7.998 GC heap before
{Heap before GC invocations=2 (full 0):
 garbage-first heap   total 131072K, used 38745K [0x0000000080000000, 0x0000000100000000)
  region size 1024K, 33 young (33792K), 10 survivors (10240K)
 Metaspace       used 20583K, capacity 21104K, committed 21248K, reserved 1067008K
  class space    used 2506K, capacity 2690K, committed 2816K, reserved 1048576K
}
Event: 8.013 GC heap after
{Heap after GC invocations=3 (full 0):
 garbage-first heap   total 131072K, used 17361K [0x0000000080000000, 0x0000000100000000)
  region size 1024K, 2 young (2048K), 2 survivors (2048K)
 Metaspace       used 20583K, capacity 21104K, committed 21248K, reserved 1067008K
  class space    used 2506K, capacity 2690K, committed 2816K, reserved 1048576K
}
Event: 10.114 GC heap before
{Heap before GC invocations=4 (full 0):
 garbage-first heap   total 131072K, used 73681K [0x0000000080000000, 0x0000000100000000)
  region size 1024K, 57 young (58368K), 2 survivors (2048K)
 Metaspace       used 26149K, capacity 26895K, committed 27008K, reserved 1073152K
  class space    used 3425K, capacity 3668K, committed 3712K, reserved 1048576K
}
Event: 10.119 GC heap after
{Heap after GC invocations=5 (full 0):
 garbage-first heap   total 131072K, used 18836K [0x0000000080000000, 0x0000000100000000)
  region size 1024K, 3 young (3072K), 3 survivors (3072K)
 Metaspace       used 26149K, capacity 26895K, committed 27008K, reserved 1073152K
  class space    used 3425K, capacity 3668K, committed 3712K, reserved 1048576K
}

