# JRE version: OpenJDK Runtime Environment (11.0.10) (build 11.0.10+0-b96-7249189)
# Java VM: OpenJDK 64-Bit Server VM (11.0.10+0-b96-7249189, mixed mode, tiered, compressed oops, g1 gc, windows-amd64)
Heap:
 garbage-first heap   total 244736K, used 127860K [0x0000000080000000, 0x0000000100000000)
  region size 1024K, 10 young (10240K), 8 survivors (8192K)
 Metaspace       used 127063K, capacity 130241K, committed 130304K, reserved 1177600K
  class space    used 15962K, capacity 17135K, committed 17152K, reserved 1048576K
GC Heap History (20 events):
Event: 1843.731 GC heap before
{Heap before GC invocations=52 (full 0):
 garbage-first heap   total 189440K, used 142369K [0x0000000080000000, 0x0000000100000000)
  region size 1024K, 9 young (9216K), 1 survivors (1024K)
 Metaspace       used 116975K, capacity 120083K, committed 120320K, reserved 1153024K
  class space    used 14716K, capacity 15825K, committed 15872K, reserved 1048576K
}
Event: 1843.740 GC heap after
{Heap after GC invocations=53 (full 0):
 garbage-first heap   total 189440K, used 129922K [0x0000000080000000, 0x0000000100000000)
  region size 1024K, 1 young (1024K), 1 survivors (1024K)
 Metaspace       used 116975K, capacity 120083K, committed 120320K, reserved 1153024K
  class space    used 14716K, capacity 15825K, committed 15872K, reserved 1048576K
}
Event: 1843.970 GC heap before
{Heap before GC invocations=53 (full 0):
 garbage-first heap   total 189440K, used 148354K [0x0000000080000000, 0x0000000100000000)
  region size 1024K, 19 young (19456K), 1 survivors (1024K)
 Metaspace       used 118224K, capacity 121299K, committed 121600K, reserved 1155072K
  class space    used 14896K, capacity 16017K, committed 16128K, reserved 1048576K
}
Event: 1843.974 GC heap after
{Heap after GC invocations=54 (full 0):
 garbage-first heap   total 189440K, used 130204K [0x0000000080000000, 0x0000000100000000)
  region size 1024K, 2 young (2048K), 2 survivors (2048K)
 Metaspace       used 118224K, capacity 121299K, committed 121600K, reserved 1155072K
  class space    used 14896K, capacity 16017K, committed 16128K, reserved 1048576K
}
Event: 1844.230 GC heap before
{Heap before GC invocations=55 (full 0):
 garbage-first heap   total 189440K, used 149660K [0x0000000080000000, 0x0000000100000000)
  region size 1024K, 21 young (21504K), 2 survivors (2048K)
 Metaspace       used 119749K, capacity 122803K, committed 123008K, reserved 1157120K
  class space    used 15089K, capacity 16177K, committed 16256K, reserved 1048576K
}
Event: 1844.233 GC heap after
{Heap after GC invocations=56 (full 0):
 garbage-first heap   total 189440K, used 130507K [0x0000000080000000, 0x0000000100000000)
  region size 1024K, 2 young (2048K), 2 survivors (2048K)
 Metaspace       used 119749K, capacity 122803K, committed 123008K, reserved 1157120K
  class space    used 15089K, capacity 16177K, committed 16256K, reserved 1048576K
}
Event: 1844.428 GC heap before
{Heap before GC invocations=56 (full 0):
 garbage-first heap   total 189440K, used 137675K [0x0000000080000000, 0x0000000100000000)
  region size 1024K, 9 young (9216K), 2 survivors (2048K)
 Metaspace       used 120053K, capacity 123200K, committed 123264K, reserved 1157120K
  class space    used 15110K, capacity 16245K, committed 16256K, reserved 1048576K
}
Event: 1844.443 GC heap after
{Heap after GC invocations=57 (full 0):
 garbage-first heap   total 189440K, used 122054K [0x0000000080000000, 0x0000000100000000)
  region size 1024K, 2 young (2048K), 2 survivors (2048K)
 Metaspace       used 120053K, capacity 123200K, committed 123264K, reserved 1157120K
  class space    used 15110K, capacity 16245K, committed 16256K, reserved 1048576K
}
Event: 1844.739 GC heap before
{Heap before GC invocations=57 (full 0):
 garbage-first heap   total 189440K, used 146630K [0x0000000080000000, 0x0000000100000000)
  region size 1024K, 27 young (27648K), 2 survivors (2048K)
 Metaspace       used 120311K, capacity 123432K, committed 123520K, reserved 1157120K
  class space    used 15134K, capacity 16252K, committed 16256K, reserved 1048576K
}
Event: 1844.747 GC heap after
{Heap after GC invocations=58 (full 0):
 garbage-first heap   total 189440K, used 123467K [0x0000000080000000, 0x0000000100000000)
  region size 1024K, 4 young (4096K), 4 survivors (4096K)
 Metaspace       used 120311K, capacity 123432K, committed 123520K, reserved 1157120K
  class space    used 15134K, capacity 16252K, committed 16256K, reserved 1048576K
}
Event: 1845.153 GC heap before
{Heap before GC invocations=59 (full 0):
 garbage-first heap   total 189440K, used 148043K [0x0000000080000000, 0x0000000100000000)
  region size 1024K, 29 young (29696K), 4 survivors (4096K)
 Metaspace       used 120541K, capacity 123736K, committed 123904K, reserved 1157120K
  class space    used 15147K, capacity 16258K, committed 16384K, reserved 1048576K
}
Event: 1845.165 GC heap after
{Heap after GC invocations=60 (full 0):
 garbage-first heap   total 189440K, used 125618K [0x0000000080000000, 0x0000000100000000)
  region size 1024K, 4 young (4096K), 4 survivors (4096K)
 Metaspace       used 120541K, capacity 123736K, committed 123904K, reserved 1157120K
  class space    used 15147K, capacity 16258K, committed 16384K, reserved 1048576K
}
Event: 1845.194 GC heap before
{Heap before GC invocations=60 (full 0):
 garbage-first heap   total 189440K, used 130738K [0x0000000080000000, 0x0000000100000000)
  region size 1024K, 9 young (9216K), 4 survivors (4096K)
 Metaspace       used 120546K, capacity 123737K, committed 123904K, reserved 1157120K
  class space    used 15147K, capacity 16258K, committed 16384K, reserved 1048576K
}
Event: 1845.204 GC heap after
{Heap after GC invocations=61 (full 0):
 garbage-first heap   total 189440K, used 120006K [0x0000000080000000, 0x0000000100000000)
  region size 1024K, 1 young (1024K), 1 survivors (1024K)
 Metaspace       used 120546K, capacity 123737K, committed 123904K, reserved 1157120K
  class space    used 15147K, capacity 16258K, committed 16384K, reserved 1048576K
}
Event: 1850.403 GC heap before
{Heap before GC invocations=61 (full 0):
 garbage-first heap   total 189440K, used 147654K [0x0000000080000000, 0x0000000100000000)
  region size 1024K, 29 young (29696K), 1 survivors (1024K)
 Metaspace       used 121647K, capacity 124775K, committed 124928K, reserved 1157120K
  class space    used 15265K, capacity 16381K, committed 16384K, reserved 1048576K
}
Event: 1850.412 GC heap after
{Heap after GC invocations=62 (full 0):
 garbage-first heap   total 244736K, used 122326K [0x0000000080000000, 0x0000000100000000)
  region size 1024K, 3 young (3072K), 3 survivors (3072K)
 Metaspace       used 121647K, capacity 124775K, committed 124928K, reserved 1157120K
  class space    used 15265K, capacity 16381K, committed 16384K, reserved 1048576K
}
Event: 1851.089 GC heap before
{Heap before GC invocations=62 (full 0):
 garbage-first heap   total 244736K, used 173526K [0x0000000080000000, 0x0000000100000000)
  region size 1024K, 54 young (55296K), 3 survivors (3072K)
 Metaspace       used 122212K, capacity 125379K, committed 125568K, reserved 1159168K
  class space    used 15315K, capacity 16452K, committed 16512K, reserved 1048576K
}
Event: 1851.095 GC heap after
{Heap after GC invocations=63 (full 0):
 garbage-first heap   total 244736K, used 123318K [0x0000000080000000, 0x0000000100000000)
  region size 1024K, 4 young (4096K), 4 survivors (4096K)
 Metaspace       used 122212K, capacity 125379K, committed 125568K, reserved 1159168K
  class space    used 15315K, capacity 16452K, committed 16512K, reserved 1048576K
}
Event: 1852.766 GC heap before
{Heap before GC invocations=63 (full 0):
 garbage-first heap   total 244736K, used 158134K [0x0000000080000000, 0x0000000100000000)
  region size 1024K, 40 young (40960K), 4 survivors (4096K)
 Metaspace       used 126781K, capacity 129950K, committed 130048K, reserved 1169408K
  class space    used 15930K, capacity 17102K, committed 17152K, reserved 1048576K
}
Event: 1852.787 GC heap after
{Heap after GC invocations=64 (full 0):
 garbage-first heap   total 244736K, used 126836K [0x0000000080000000, 0x0000000100000000)
  region size 1024K, 8 young (8192K), 8 survivors (8192K)
 Metaspace       used 126781K, capacity 129950K, committed 130048K, reserved 1169408K
  class space    used 15930K, capacity 17102K, committed 17152K, reserved 1048576K
}

